# JRE version: Java(TM) SE Runtime Environment (8.0_60-b27) (build 1.8.0_60-b27)
# Java VM: Java HotSpot(TM) 64-Bit Server VM (25.60-b23 mixed mode windows-amd64 compressed oops)
Heap:
 PSYoungGen      total 73216K, used 15197K [0x00000000f5580000, 0x00000000fc900000, 0x0000000100000000)
  eden space 62464K, 7% used [0x00000000f5580000,0x00000000f59de348,0x00000000f9280000)
  from space 10752K, 99% used [0x00000000fa000000,0x00000000faa790c0,0x00000000faa80000)
  to   space 13824K, 0% used [0x00000000f9280000,0x00000000f9298000,0x00000000fa000000)
 ParOldGen       total 175104K, used 11763K [0x00000000e0000000, 0x00000000eab00000, 0x00000000f5580000)
  object space 175104K, 6% used [0x00000000e0000000,0x00000000e0b7cf40,0x00000000eab00000)
 Metaspace       used 34545K, capacity 35316K, committed 35416K, reserved 1079296K
  class space    used 4817K, capacity 5090K, committed 5120K, reserved 1048576K
GC Heap History (10 events):
Event: 21.802 GC heap before
{Heap before GC invocations=3 (full 0):
 PSYoungGen      total 76288K, used 56541K [0x00000000f5580000, 0x00000000faa80000, 0x0000000100000000)
  eden space 65536K, 69% used [0x00000000f5580000,0x00000000f8243fc0,0x00000000f9580000)
  from space 10752K, 99% used [0x00000000fa000000,0x00000000faa736c8,0x00000000faa80000)
  to   space 10752K, 0% used [0x00000000f9580000,0x00000000f9580000,0x00000000fa000000)
 ParOldGen       total 175104K, used 16K [0x00000000e0000000, 0x00000000eab00000, 0x00000000f5580000)
  object space 175104K, 0% used [0x00000000e0000000,0x00000000e0004000,0x00000000eab00000)
 Metaspace       used 20757K, capacity 21148K, committed 21248K, reserved 1067008K
  class space    used 2939K, capacity 3072K, committed 3072K, reserved 1048576K
Event: 21.829 GC heap after
Heap after GC invocations=3 (full 0):
 PSYoungGen      total 76288K, used 10729K [0x00000000f5580000, 0x00000000faa80000, 0x0000000100000000)
  eden space 65536K, 0% used [0x00000000f5580000,0x00000000f5580000,0x00000000f9580000)
  from space 10752K, 99% used [0x00000000f9580000,0x00000000f9ffa4d0,0x00000000fa000000)
  to   space 10752K, 0% used [0x00000000fa000000,0x00000000fa000000,0x00000000faa80000)
 ParOldGen       total 175104K, used 404K [0x00000000e0000000, 0x00000000eab00000, 0x00000000f5580000)
  object space 175104K, 0% used [0x00000000e0000000,0x00000000e0065278,0x00000000eab00000)
 Metaspace       used 20757K, capacity 21148K, committed 21248K, reserved 1067008K
  class space    used 2939K, capacity 3072K, committed 3072K, reserved 1048576K
}
Event: 21.829 GC heap before
{Heap before GC invocations=4 (full 1):
 PSYoungGen      total 76288K, used 10729K [0x00000000f5580000, 0x00000000faa80000, 0x0000000100000000)
  eden space 65536K, 0% used [0x00000000f5580000,0x00000000f5580000,0x00000000f9580000)
  from space 10752K, 99% used [0x00000000f9580000,0x00000000f9ffa4d0,0x00000000fa000000)
  to   space 10752K, 0% used [0x00000000fa000000,0x00000000fa000000,0x00000000faa80000)
 ParOldGen       total 175104K, used 404K [0x00000000e0000000, 0x00000000eab00000, 0x00000000f5580000)
  object space 175104K, 0% used [0x00000000e0000000,0x00000000e0065278,0x00000000eab00000)
 Metaspace       used 20757K, capacity 21148K, committed 21248K, reserved 1067008K
  class space    used 2939K, capacity 3072K, committed 3072K, reserved 1048576K
Event: 22.064 GC heap after
Heap after GC invocations=4 (full 1):
 PSYoungGen      total 76288K, used 0K [0x00000000f5580000, 0x00000000faa80000, 0x0000000100000000)
  eden space 65536K, 0% used [0x00000000f5580000,0x00000000f5580000,0x00000000f9580000)
  from space 10752K, 0% used [0x00000000f9580000,0x00000000f9580000,0x00000000fa000000)
  to   space 10752K, 0% used [0x00000000fa000000,0x00000000fa000000,0x00000000faa80000)
 ParOldGen       total 175104K, used 10800K [0x00000000e0000000, 0x00000000eab00000, 0x00000000f5580000)
  object space 175104K, 6% used [0x00000000e0000000,0x00000000e0a8c0c8,0x00000000eab00000)
 Metaspace       used 20757K, capacity 21148K, committed 21248K, reserved 1067008K
  class space    used 2939K, capacity 3072K, committed 3072K, reserved 1048576K
}
Event: 38.958 GC heap before
{Heap before GC invocations=5 (full 1):
 PSYoungGen      total 76288K, used 65536K [0x00000000f5580000, 0x00000000faa80000, 0x0000000100000000)
  eden space 65536K, 100% used [0x00000000f5580000,0x00000000f9580000,0x00000000f9580000)
  from space 10752K, 0% used [0x00000000f9580000,0x00000000f9580000,0x00000000fa000000)
  to   space 10752K, 0% used [0x00000000fa000000,0x00000000fa000000,0x00000000faa80000)
 ParOldGen       total 175104K, used 10800K [0x00000000e0000000, 0x00000000eab00000, 0x00000000f5580000)
  object space 175104K, 6% used [0x00000000e0000000,0x00000000e0a8c0c8,0x00000000eab00000)
 Metaspace       used 27041K, capacity 27524K, committed 27776K, reserved 1073152K
  class space    used 3712K, capacity 3874K, committed 3968K, reserved 1048576K
Event: 38.973 GC heap after
Heap after GC invocations=5 (full 1):
 PSYoungGen      total 76288K, used 7456K [0x00000000f5580000, 0x00000000fb780000, 0x0000000100000000)
  eden space 65536K, 0% used [0x00000000f5580000,0x00000000f5580000,0x00000000f9580000)
  from space 10752K, 69% used [0x00000000fa000000,0x00000000fa7480f0,0x00000000faa80000)
  to   space 10752K, 0% used [0x00000000f9580000,0x00000000f9580000,0x00000000fa000000)
 ParOldGen       total 175104K, used 10808K [0x00000000e0000000, 0x00000000eab00000, 0x00000000f5580000)
  object space 175104K, 6% used [0x00000000e0000000,0x00000000e0a8e0c8,0x00000000eab00000)
 Metaspace       used 27041K, capacity 27524K, committed 27776K, reserved 1073152K
  class space    used 3712K, capacity 3874K, committed 3968K, reserved 1048576K
}
Event: 41.569 GC heap before
{Heap before GC invocations=6 (full 1):
 PSYoungGen      total 76288K, used 72992K [0x00000000f5580000, 0x00000000fb780000, 0x0000000100000000)
  eden space 65536K, 100% used [0x00000000f5580000,0x00000000f9580000,0x00000000f9580000)
  from space 10752K, 69% used [0x00000000fa000000,0x00000000fa7480f0,0x00000000faa80000)
  to   space 10752K, 0% used [0x00000000f9580000,0x00000000f9580000,0x00000000fa000000)
 ParOldGen       total 175104K, used 10808K [0x00000000e0000000, 0x00000000eab00000, 0x00000000f5580000)
  object space 175104K, 6% used [0x00000000e0000000,0x00000000e0a8e0c8,0x00000000eab00000)
 Metaspace       used 31099K, capacity 31664K, committed 32000K, reserved 1077248K
  class space    used 4332K, capacity 4527K, committed 4608K, reserved 1048576K
Event: 41.632 GC heap after
Heap after GC invocations=6 (full 1):
 PSYoungGen      total 76288K, used 9826K [0x00000000f5580000, 0x00000000fb780000, 0x0000000100000000)
  eden space 65536K, 0% used [0x00000000f5580000,0x00000000f5580000,0x00000000f9580000)
  from space 10752K, 91% used [0x00000000f9580000,0x00000000f9f18ad8,0x00000000fa000000)
  to   space 10752K, 0% used [0x00000000fa000000,0x00000000fa000000,0x00000000faa80000)
 ParOldGen       total 175104K, used 10808K [0x00000000e0000000, 0x00000000eab00000, 0x00000000f5580000)
  object space 175104K, 6% used [0x00000000e0000000,0x00000000e0a8e0c8,0x00000000eab00000)
 Metaspace       used 31099K, capacity 31664K, committed 32000K, reserved 1077248K
  class space    used 4332K, capacity 4527K, committed 4608K, reserved 1048576K
}
Event: 50.784 GC heap before
{Heap before GC invocations=7 (full 1):
 PSYoungGen      total 76288K, used 75362K [0x00000000f5580000, 0x00000000fb780000, 0x0000000100000000)
  eden space 65536K, 100% used [0x00000000f5580000,0x00000000f9580000,0x00000000f9580000)
  from space 10752K, 91% used [0x00000000f9580000,0x00000000f9f18ad8,0x00000000fa000000)
  to   space 10752K, 0% used [0x00000000fa000000,0x00000000fa000000,0x00000000faa80000)
 ParOldGen       total 175104K, used 10808K [0x00000000e0000000, 0x00000000eab00000, 0x00000000f5580000)
  object space 175104K, 6% used [0x00000000e0000000,0x00000000e0a8e0c8,0x00000000eab00000)
 Metaspace       used 34312K, capacity 35066K, committed 35328K, reserved 1079296K
  class space    used 4796K, capacity 5048K, committed 5120K, reserved 1048576K
Event: 50.809 GC heap after
Heap after GC invocations=7 (full 1):
 PSYoungGen      total 73216K, used 10724K [0x00000000f5580000, 0x00000000fc900000, 0x0000000100000000)
  eden space 62464K, 0% used [0x00000000f5580000,0x00000000f5580000,0x00000000f9280000)
  from space 10752K, 99% used [0x00000000fa000000,0x00000000faa790c0,0x00000000faa80000)
  to   space 13824K, 0% used [0x00000000f9280000,0x00000000f9280000,0x00000000fa000000)
 ParOldGen       total 175104K, used 11763K [0x00000000e0000000, 0x00000000eab00000, 0x00000000f5580000)
  object space 175104K, 6% used [0x00000000e0000000,0x00000000e0b7cf40,0x00000000eab00000)
 Metaspace       used 34312K, capacity 35066K, committed 35328K, reserved 1079296K
  class space    used 4796K, capacity 5048K, committed 5120K, reserved 1048576K
}

