# JRE version: Java(TM) SE Runtime Environment (8.0_60-b27) (build 1.8.0_60-b27)
# Java VM: Java HotSpot(TM) 64-Bit Server VM (25.60-b23 mixed mode windows-amd64 compressed oops)
Heap:
 PSYoungGen      total 155136K, used 29877K [0x00000000f5580000, 0x0000000100000000, 0x0000000100000000)
  eden space 135680K, 12% used [0x00000000f5580000,0x00000000f65813d0,0x00000000fda00000)
  from space 19456K, 69% used [0x00000000fed00000,0x00000000ffa2c218,0x0000000100000000)
  to   space 19456K, 0% used [0x00000000fda00000,0x00000000fda00000,0x00000000fed00000)
 ParOldGen       total 275968K, used 34961K [0x00000000e0000000, 0x00000000f0d80000, 0x00000000f5580000)
  object space 275968K, 12% used [0x00000000e0000000,0x00000000e2224720,0x00000000f0d80000)
 Metaspace       used 65215K, capacity 67158K, committed 67476K, reserved 1107968K
  class space    used 8988K, capacity 9524K, committed 9620K, reserved 1048576K
GC Heap History (10 events):
Event: 30.952 GC heap before
{Heap before GC invocations=9 (full 2):
 PSYoungGen      total 103936K, used 91136K [0x00000000f5580000, 0x00000000fca80000, 0x0000000100000000)
  eden space 91136K, 100% used [0x00000000f5580000,0x00000000fae80000,0x00000000fae80000)
  from space 12800K, 0% used [0x00000000fbb80000,0x00000000fbb80000,0x00000000fc800000)
  to   space 13312K, 0% used [0x00000000fae80000,0x00000000fae80000,0x00000000fbb80000)
 ParOldGen       total 193024K, used 18849K [0x00000000e0000000, 0x00000000ebc80000, 0x00000000f5580000)
  object space 193024K, 9% used [0x00000000e0000000,0x00000000e1268708,0x00000000ebc80000)
 Metaspace       used 44543K, capacity 45514K, committed 45696K, reserved 1089536K
  class space    used 6099K, capacity 6404K, committed 6528K, reserved 1048576K
Event: 30.986 GC heap after
Heap after GC invocations=9 (full 2):
 PSYoungGen      total 104448K, used 13280K [0x00000000f5580000, 0x00000000fed80000, 0x0000000100000000)
  eden space 91136K, 0% used [0x00000000f5580000,0x00000000f5580000,0x00000000fae80000)
  from space 13312K, 99% used [0x00000000fae80000,0x00000000fbb781e8,0x00000000fbb80000)
  to   space 14848K, 0% used [0x00000000fdf00000,0x00000000fdf00000,0x00000000fed80000)
 ParOldGen       total 193024K, used 19327K [0x00000000e0000000, 0x00000000ebc80000, 0x00000000f5580000)
  object space 193024K, 10% used [0x00000000e0000000,0x00000000e12dfd88,0x00000000ebc80000)
 Metaspace       used 44543K, capacity 45514K, committed 45696K, reserved 1089536K
  class space    used 6099K, capacity 6404K, committed 6528K, reserved 1048576K
}
Event: 38.484 GC heap before
{Heap before GC invocations=10 (full 2):
 PSYoungGen      total 104448K, used 104416K [0x00000000f5580000, 0x00000000fed80000, 0x0000000100000000)
  eden space 91136K, 100% used [0x00000000f5580000,0x00000000fae80000,0x00000000fae80000)
  from space 13312K, 99% used [0x00000000fae80000,0x00000000fbb781e8,0x00000000fbb80000)
  to   space 14848K, 0% used [0x00000000fdf00000,0x00000000fdf00000,0x00000000fed80000)
 ParOldGen       total 193024K, used 19327K [0x00000000e0000000, 0x00000000ebc80000, 0x00000000f5580000)
  object space 193024K, 10% used [0x00000000e0000000,0x00000000e12dfd88,0x00000000ebc80000)
 Metaspace       used 49047K, capacity 50364K, committed 50560K, reserved 1093632K
  class space    used 6824K, capacity 7248K, committed 7296K, reserved 1048576K
Event: 38.519 GC heap after
Heap after GC invocations=10 (full 2):
 PSYoungGen      total 138240K, used 14609K [0x00000000f5580000, 0x00000000fee00000, 0x0000000100000000)
  eden space 123392K, 0% used [0x00000000f5580000,0x00000000f5580000,0x00000000fce00000)
  from space 14848K, 98% used [0x00000000fdf00000,0x00000000fed44638,0x00000000fed80000)
  to   space 16384K, 0% used [0x00000000fce00000,0x00000000fce00000,0x00000000fde00000)
 ParOldGen       total 193024K, used 19335K [0x00000000e0000000, 0x00000000ebc80000, 0x00000000f5580000)
  object space 193024K, 10% used [0x00000000e0000000,0x00000000e12e1d88,0x00000000ebc80000)
 Metaspace       used 49047K, capacity 50364K, committed 50560K, reserved 1093632K
  class space    used 6824K, capacity 7248K, committed 7296K, reserved 1048576K
}
Event: 42.706 GC heap before
{Heap before GC invocations=11 (full 2):
 PSYoungGen      total 138240K, used 103264K [0x00000000f5580000, 0x00000000fee00000, 0x0000000100000000)
  eden space 123392K, 71% used [0x00000000f5580000,0x00000000fac13a20,0x00000000fce00000)
  from space 14848K, 98% used [0x00000000fdf00000,0x00000000fed44638,0x00000000fed80000)
  to   space 16384K, 0% used [0x00000000fce00000,0x00000000fce00000,0x00000000fde00000)
 ParOldGen       total 193024K, used 19335K [0x00000000e0000000, 0x00000000ebc80000, 0x00000000f5580000)
  object space 193024K, 10% used [0x00000000e0000000,0x00000000e12e1d88,0x00000000ebc80000)
 Metaspace       used 57467K, capacity 58898K, committed 59028K, reserved 1099776K
  class space    used 7892K, capacity 8325K, committed 8340K, reserved 1048576K
Event: 42.786 GC heap after
Heap after GC invocations=11 (full 2):
 PSYoungGen      total 139776K, used 16367K [0x00000000f5580000, 0x0000000100000000, 0x0000000100000000)
  eden space 123392K, 0% used [0x00000000f5580000,0x00000000f5580000,0x00000000fce00000)
  from space 16384K, 99% used [0x00000000fce00000,0x00000000fddfbc30,0x00000000fde00000)
  to   space 19456K, 0% used [0x00000000fed00000,0x00000000fed00000,0x0000000100000000)
 ParOldGen       total 193024K, used 22939K [0x00000000e0000000, 0x00000000ebc80000, 0x00000000f5580000)
  object space 193024K, 11% used [0x00000000e0000000,0x00000000e1666e80,0x00000000ebc80000)
 Metaspace       used 57467K, capacity 58898K, committed 59028K, reserved 1099776K
  class space    used 7892K, capacity 8325K, committed 8340K, reserved 1048576K
}
Event: 42.786 GC heap before
{Heap before GC invocations=12 (full 3):
 PSYoungGen      total 139776K, used 16367K [0x00000000f5580000, 0x0000000100000000, 0x0000000100000000)
  eden space 123392K, 0% used [0x00000000f5580000,0x00000000f5580000,0x00000000fce00000)
  from space 16384K, 99% used [0x00000000fce00000,0x00000000fddfbc30,0x00000000fde00000)
  to   space 19456K, 0% used [0x00000000fed00000,0x00000000fed00000,0x0000000100000000)
 ParOldGen       total 193024K, used 22939K [0x00000000e0000000, 0x00000000ebc80000, 0x00000000f5580000)
  object space 193024K, 11% used [0x00000000e0000000,0x00000000e1666e80,0x00000000ebc80000)
 Metaspace       used 57467K, capacity 58898K, committed 59028K, reserved 1099776K
  class space    used 7892K, capacity 8325K, committed 8340K, reserved 1048576K
Event: 43.204 GC heap after
Heap after GC invocations=12 (full 3):
 PSYoungGen      total 139776K, used 0K [0x00000000f5580000, 0x0000000100000000, 0x0000000100000000)
  eden space 123392K, 0% used [0x00000000f5580000,0x00000000f5580000,0x00000000fce00000)
  from space 16384K, 0% used [0x00000000fce00000,0x00000000fce00000,0x00000000fde00000)
  to   space 19456K, 0% used [0x00000000fed00000,0x00000000fed00000,0x0000000100000000)
 ParOldGen       total 275968K, used 34953K [0x00000000e0000000, 0x00000000f0d80000, 0x00000000f5580000)
  object space 275968K, 12% used [0x00000000e0000000,0x00000000e2222720,0x00000000f0d80000)
 Metaspace       used 57467K, capacity 58898K, committed 59028K, reserved 1099776K
  class space    used 7892K, capacity 8325K, committed 8340K, reserved 1048576K
}
Event: 102.928 GC heap before
{Heap before GC invocations=13 (full 3):
 PSYoungGen      total 139776K, used 123392K [0x00000000f5580000, 0x0000000100000000, 0x0000000100000000)
  eden space 123392K, 100% used [0x00000000f5580000,0x00000000fce00000,0x00000000fce00000)
  from space 16384K, 0% used [0x00000000fce00000,0x00000000fce00000,0x00000000fde00000)
  to   space 19456K, 0% used [0x00000000fed00000,0x00000000fed00000,0x0000000100000000)
 ParOldGen       total 275968K, used 34953K [0x00000000e0000000, 0x00000000f0d80000, 0x00000000f5580000)
  object space 275968K, 12% used [0x00000000e0000000,0x00000000e2222720,0x00000000f0d80000)
 Metaspace       used 64488K, capacity 66364K, committed 66580K, reserved 1105920K
  class space    used 8864K, capacity 9385K, committed 9492K, reserved 1048576K
Event: 103.022 GC heap after
Heap after GC invocations=13 (full 3):
 PSYoungGen      total 155136K, used 13488K [0x00000000f5580000, 0x0000000100000000, 0x0000000100000000)
  eden space 135680K, 0% used [0x00000000f5580000,0x00000000f5580000,0x00000000fda00000)
  from space 19456K, 69% used [0x00000000fed00000,0x00000000ffa2c218,0x0000000100000000)
  to   space 19456K, 0% used [0x00000000fda00000,0x00000000fda00000,0x00000000fed00000)
 ParOldGen       total 275968K, used 34961K [0x00000000e0000000, 0x00000000f0d80000, 0x00000000f5580000)
  object space 275968K, 12% used [0x00000000e0000000,0x00000000e2224720,0x00000000f0d80000)
 Metaspace       used 64488K, capacity 66364K, committed 66580K, reserved 1105920K
  class space    used 8864K, capacity 9385K, committed 9492K, reserved 1048576K
}

